{"/home/kkamji/Code/image-convertor/frontend/src/App.tsx": {"path":"/home/kkamji/Code/image-convertor/frontend/src/App.tsx","statementMap":{"0":{"start":{"line":8,"column":20},"end":{"line":8,"column":35}},"1":{"start":{"line":10,"column":2},"end":{"line":12,"column":14}},"2":{"start":{"line":11,"column":4},"end":{"line":11,"column":63}},"3":{"start":{"line":14,"column":2},"end":{"line":38,"column":4}}},"fnMap":{"0":{"name":"App","decl":{"start":{"line":7,"column":9},"end":{"line":7,"column":12}},"loc":{"start":{"line":7,"column":15},"end":{"line":39,"column":1}},"line":7},"1":{"name":"(anonymous_1)","decl":{"start":{"line":10,"column":18},"end":{"line":10,"column":19}},"loc":{"start":{"line":10,"column":24},"end":{"line":12,"column":3}},"line":10}},"branchMap":{},"s":{"0":3,"1":3,"2":3,"3":3},"f":{"0":3,"1":3},"b":{},"_coverageSchema":"1a1c01bbd47fc00a2c39e90264f33305004495a9","hash":"ded28cdcf671896ef1dc48364d19509ac47fffb6"}
,"/home/kkamji/Code/image-convertor/frontend/src/index.tsx": {"path":"/home/kkamji/Code/image-convertor/frontend/src/index.tsx","statementMap":{"0":{"start":{"line":6,"column":13},"end":{"line":8,"column":1}},"1":{"start":{"line":9,"column":0},"end":{"line":13,"column":2}}},"fnMap":{},"branchMap":{},"s":{"0":0,"1":0},"f":{},"b":{}}
,"/home/kkamji/Code/image-convertor/frontend/src/components/ConversionOptions.tsx": {"path":"/home/kkamji/Code/image-convertor/frontend/src/components/ConversionOptions.tsx","statementMap":{"0":{"start":{"line":5,"column":43},"end":{"line":112,"column":1}},"1":{"start":{"line":6,"column":54},"end":{"line":6,"column":69}},"2":{"start":{"line":8,"column":29},"end":{"line":10,"column":3}},"3":{"start":{"line":9,"column":4},"end":{"line":9,"column":51}},"4":{"start":{"line":12,"column":30},"end":{"line":14,"column":3}},"5":{"start":{"line":13,"column":4},"end":{"line":13,"column":38}},"6":{"start":{"line":16,"column":27},"end":{"line":19,"column":3}},"7":{"start":{"line":17,"column":21},"end":{"line":17,"column":60}},"8":{"start":{"line":18,"column":4},"end":{"line":18,"column":48}},"9":{"start":{"line":21,"column":30},"end":{"line":24,"column":3}},"10":{"start":{"line":22,"column":21},"end":{"line":22,"column":58}},"11":{"start":{"line":23,"column":4},"end":{"line":23,"column":50}},"12":{"start":{"line":26,"column":2},"end":{"line":111,"column":4}},"13":{"start":{"line":34,"column":12},"end":{"line":42,"column":21}},"14":{"start":{"line":39,"column":29},"end":{"line":39,"column":55}},"15":{"start":{"line":57,"column":29},"end":{"line":57,"column":78}},"16":{"start":{"line":77,"column":31},"end":{"line":77,"column":75}},"17":{"start":{"line":88,"column":31},"end":{"line":88,"column":76}},"18":{"start":{"line":105,"column":29},"end":{"line":105,"column":64}}},"fnMap":{"0":{"name":"(anonymous_0)","decl":{"start":{"line":5,"column":43},"end":{"line":5,"column":44}},"loc":{"start":{"line":5,"column":49},"end":{"line":112,"column":1}},"line":5},"1":{"name":"(anonymous_1)","decl":{"start":{"line":8,"column":29},"end":{"line":8,"column":30}},"loc":{"start":{"line":8,"column":49},"end":{"line":10,"column":3}},"line":8},"2":{"name":"(anonymous_2)","decl":{"start":{"line":12,"column":30},"end":{"line":12,"column":31}},"loc":{"start":{"line":12,"column":51},"end":{"line":14,"column":3}},"line":12},"3":{"name":"(anonymous_3)","decl":{"start":{"line":16,"column":27},"end":{"line":16,"column":28}},"loc":{"start":{"line":16,"column":61},"end":{"line":19,"column":3}},"line":16},"4":{"name":"(anonymous_4)","decl":{"start":{"line":21,"column":30},"end":{"line":21,"column":31}},"loc":{"start":{"line":21,"column":49},"end":{"line":24,"column":3}},"line":21},"5":{"name":"(anonymous_5)","decl":{"start":{"line":33,"column":46},"end":{"line":33,"column":47}},"loc":{"start":{"line":34,"column":12},"end":{"line":42,"column":21}},"line":34},"6":{"name":"(anonymous_6)","decl":{"start":{"line":39,"column":23},"end":{"line":39,"column":24}},"loc":{"start":{"line":39,"column":29},"end":{"line":39,"column":55}},"line":39},"7":{"name":"(anonymous_7)","decl":{"start":{"line":57,"column":22},"end":{"line":57,"column":23}},"loc":{"start":{"line":57,"column":29},"end":{"line":57,"column":78}},"line":57},"8":{"name":"(anonymous_8)","decl":{"start":{"line":77,"column":24},"end":{"line":77,"column":25}},"loc":{"start":{"line":77,"column":31},"end":{"line":77,"column":75}},"line":77},"9":{"name":"(anonymous_9)","decl":{"start":{"line":88,"column":24},"end":{"line":88,"column":25}},"loc":{"start":{"line":88,"column":31},"end":{"line":88,"column":76}},"line":88},"10":{"name":"(anonymous_10)","decl":{"start":{"line":105,"column":22},"end":{"line":105,"column":23}},"loc":{"start":{"line":105,"column":29},"end":{"line":105,"column":64}},"line":105}},"branchMap":{"0":{"loc":{"start":{"line":17,"column":21},"end":{"line":17,"column":60}},"type":"cond-expr","locations":[{"start":{"line":17,"column":29},"end":{"line":17,"column":48}},{"start":{"line":17,"column":51},"end":{"line":17,"column":60}}],"line":17},"1":{"loc":{"start":{"line":22,"column":21},"end":{"line":22,"column":58}},"type":"cond-expr","locations":[{"start":{"line":22,"column":29},"end":{"line":22,"column":46}},{"start":{"line":22,"column":49},"end":{"line":22,"column":58}}],"line":22},"2":{"loc":{"start":{"line":37,"column":16},"end":{"line":37,"column":73}},"type":"cond-expr","locations":[{"start":{"line":37,"column":60},"end":{"line":37,"column":68}},{"start":{"line":37,"column":71},"end":{"line":37,"column":73}}],"line":37},"3":{"loc":{"start":{"line":47,"column":7},"end":{"line":65,"column":7}},"type":"binary-expr","locations":[{"start":{"line":47,"column":7},"end":{"line":47,"column":71}},{"start":{"line":48,"column":8},"end":{"line":64,"column":14}}],"line":47},"4":{"loc":{"start":{"line":56,"column":19},"end":{"line":56,"column":50}},"type":"binary-expr","locations":[{"start":{"line":56,"column":19},"end":{"line":56,"column":44}},{"start":{"line":56,"column":48},"end":{"line":56,"column":50}}],"line":56},"5":{"loc":{"start":{"line":76,"column":21},"end":{"line":76,"column":53}},"type":"binary-expr","locations":[{"start":{"line":76,"column":21},"end":{"line":76,"column":47}},{"start":{"line":76,"column":51},"end":{"line":76,"column":53}}],"line":76},"6":{"loc":{"start":{"line":87,"column":21},"end":{"line":87,"column":54}},"type":"binary-expr","locations":[{"start":{"line":87,"column":21},"end":{"line":87,"column":48}},{"start":{"line":87,"column":52},"end":{"line":87,"column":54}}],"line":87},"7":{"loc":{"start":{"line":104,"column":19},"end":{"line":104,"column":52}},"type":"binary-expr","locations":[{"start":{"line":104,"column":19},"end":{"line":104,"column":46}},{"start":{"line":104,"column":50},"end":{"line":104,"column":52}}],"line":104}},"s":{"0":1,"1":3,"2":3,"3":0,"4":3,"5":0,"6":3,"7":0,"8":0,"9":3,"10":0,"11":0,"12":3,"13":12,"14":0,"15":0,"16":0,"17":0,"18":0},"f":{"0":3,"1":0,"2":0,"3":0,"4":0,"5":12,"6":0,"7":0,"8":0,"9":0,"10":0},"b":{"0":[0,0],"1":[0,0],"2":[3,9],"3":[3,3],"4":[3,0],"5":[3,3],"6":[3,3],"7":[3,3]},"_coverageSchema":"1a1c01bbd47fc00a2c39e90264f33305004495a9","hash":"4548cad34e5cc9ad0fd31aaa5ab4099577bf980f"}
,"/home/kkamji/Code/image-convertor/frontend/src/components/ConversionProgress.tsx": {"path":"/home/kkamji/Code/image-convertor/frontend/src/components/ConversionProgress.tsx","statementMap":{"0":{"start":{"line":5,"column":44},"end":{"line":27,"column":1}},"1":{"start":{"line":6,"column":23},"end":{"line":6,"column":38}},"2":{"start":{"line":8,"column":2},"end":{"line":26,"column":4}}},"fnMap":{"0":{"name":"(anonymous_0)","decl":{"start":{"line":5,"column":44},"end":{"line":5,"column":45}},"loc":{"start":{"line":5,"column":50},"end":{"line":27,"column":1}},"line":5}},"branchMap":{"0":{"loc":{"start":{"line":22,"column":7},"end":{"line":24,"column":7}},"type":"binary-expr","locations":[{"start":{"line":22,"column":7},"end":{"line":22,"column":23}},{"start":{"line":23,"column":8},"end":{"line":23,"column":62}}],"line":22}},"s":{"0":1,"1":0,"2":0},"f":{"0":0},"b":{"0":[0,0]},"_coverageSchema":"1a1c01bbd47fc00a2c39e90264f33305004495a9","hash":"54a19085274a6356d69281172db038a4f4e716aa"}
,"/home/kkamji/Code/image-convertor/frontend/src/components/ConversionResult.tsx": {"path":"/home/kkamji/Code/image-convertor/frontend/src/components/ConversionResult.tsx","statementMap":{"0":{"start":{"line":6,"column":42},"end":{"line":91,"column":1}},"1":{"start":{"line":8,"column":4},"end":{"line":8,"column":19}},"2":{"start":{"line":10,"column":25},"end":{"line":23,"column":3}},"3":{"start":{"line":11,"column":4},"end":{"line":11,"column":52}},"4":{"start":{"line":11,"column":45},"end":{"line":11,"column":52}},"5":{"start":{"line":13,"column":17},"end":{"line":13,"column":44}},"6":{"start":{"line":14,"column":4},"end":{"line":14,"column":34}},"7":{"start":{"line":16,"column":25},"end":{"line":16,"column":76}},"8":{"start":{"line":17,"column":22},"end":{"line":17,"column":52}},"9":{"start":{"line":18,"column":4},"end":{"line":18,"column":61}},"10":{"start":{"line":20,"column":4},"end":{"line":20,"column":36}},"11":{"start":{"line":21,"column":4},"end":{"line":21,"column":17}},"12":{"start":{"line":22,"column":4},"end":{"line":22,"column":36}},"13":{"start":{"line":25,"column":22},"end":{"line":30,"column":3}},"14":{"start":{"line":26,"column":4},"end":{"line":28,"column":5}},"15":{"start":{"line":27,"column":6},"end":{"line":27,"column":45}},"16":{"start":{"line":29,"column":4},"end":{"line":29,"column":12}},"17":{"start":{"line":32,"column":2},"end":{"line":32,"column":38}},"18":{"start":{"line":32,"column":26},"end":{"line":32,"column":38}},"19":{"start":{"line":34,"column":2},"end":{"line":90,"column":4}}},"fnMap":{"0":{"name":"(anonymous_0)","decl":{"start":{"line":6,"column":42},"end":{"line":6,"column":43}},"loc":{"start":{"line":6,"column":48},"end":{"line":91,"column":1}},"line":6},"1":{"name":"(anonymous_1)","decl":{"start":{"line":10,"column":25},"end":{"line":10,"column":26}},"loc":{"start":{"line":10,"column":31},"end":{"line":23,"column":3}},"line":10},"2":{"name":"(anonymous_2)","decl":{"start":{"line":25,"column":22},"end":{"line":25,"column":23}},"loc":{"start":{"line":25,"column":28},"end":{"line":30,"column":3}},"line":25}},"branchMap":{"0":{"loc":{"start":{"line":11,"column":4},"end":{"line":11,"column":52}},"type":"if","locations":[{"start":{"line":11,"column":4},"end":{"line":11,"column":52}},{"start":{},"end":{}}],"line":11},"1":{"loc":{"start":{"line":11,"column":8},"end":{"line":11,"column":43}},"type":"binary-expr","locations":[{"start":{"line":11,"column":8},"end":{"line":11,"column":26}},{"start":{"line":11,"column":30},"end":{"line":11,"column":43}}],"line":11},"2":{"loc":{"start":{"line":26,"column":4},"end":{"line":28,"column":5}},"type":"if","locations":[{"start":{"line":26,"column":4},"end":{"line":28,"column":5}},{"start":{},"end":{}}],"line":26},"3":{"loc":{"start":{"line":32,"column":2},"end":{"line":32,"column":38}},"type":"if","locations":[{"start":{"line":32,"column":2},"end":{"line":32,"column":38}},{"start":{},"end":{}}],"line":32},"4":{"loc":{"start":{"line":61,"column":9},"end":{"line":66,"column":9}},"type":"binary-expr","locations":[{"start":{"line":61,"column":9},"end":{"line":61,"column":34}},{"start":{"line":62,"column":10},"end":{"line":65,"column":16}}],"line":61},"5":{"loc":{"start":{"line":67,"column":9},"end":{"line":79,"column":9}},"type":"binary-expr","locations":[{"start":{"line":67,"column":10},"end":{"line":67,"column":36}},{"start":{"line":67,"column":40},"end":{"line":67,"column":67}},{"start":{"line":68,"column":10},"end":{"line":78,"column":16}}],"line":67},"6":{"loc":{"start":{"line":71,"column":15},"end":{"line":71,"column":78}},"type":"binary-expr","locations":[{"start":{"line":71,"column":15},"end":{"line":71,"column":41}},{"start":{"line":71,"column":45},"end":{"line":71,"column":78}}],"line":71},"7":{"loc":{"start":{"line":72,"column":15},"end":{"line":74,"column":21}},"type":"binary-expr","locations":[{"start":{"line":72,"column":15},"end":{"line":72,"column":41}},{"start":{"line":73,"column":16},"end":{"line":73,"column":43}},{"start":{"line":74,"column":16},"end":{"line":74,"column":21}}],"line":72},"8":{"loc":{"start":{"line":75,"column":15},"end":{"line":76,"column":50}},"type":"binary-expr","locations":[{"start":{"line":75,"column":15},"end":{"line":75,"column":42}},{"start":{"line":76,"column":16},"end":{"line":76,"column":50}}],"line":75},"9":{"loc":{"start":{"line":80,"column":9},"end":{"line":87,"column":9}},"type":"binary-expr","locations":[{"start":{"line":80,"column":9},"end":{"line":80,"column":36}},{"start":{"line":81,"column":10},"end":{"line":86,"column":16}}],"line":80}},"s":{"0":1,"1":0,"2":0,"3":0,"4":0,"5":0,"6":0,"7":0,"8":0,"9":0,"10":0,"11":0,"12":0,"13":0,"14":0,"15":0,"16":0,"17":0,"18":0,"19":0},"f":{"0":0,"1":0,"2":0},"b":{"0":[0,0],"1":[0,0],"2":[0,0],"3":[0,0],"4":[0,0],"5":[0,0,0],"6":[0,0],"7":[0,0,0],"8":[0,0],"9":[0,0]},"_coverageSchema":"1a1c01bbd47fc00a2c39e90264f33305004495a9","hash":"9aeb976c57eeeb57e2108104cfe3cdc1c0ae0778"}
,"/home/kkamji/Code/image-convertor/frontend/src/components/FileUpload.tsx": {"path":"/home/kkamji/Code/image-convertor/frontend/src/components/FileUpload.tsx","statementMap":{"0":{"start":{"line":7,"column":36},"end":{"line":98,"column":1}},"1":{"start":{"line":9,"column":4},"end":{"line":9,"column":19}},"2":{"start":{"line":11,"column":17},"end":{"line":21,"column":3}},"3":{"start":{"line":13,"column":19},"end":{"line":13,"column":35}},"4":{"start":{"line":14,"column":6},"end":{"line":18,"column":7}},"5":{"start":{"line":15,"column":8},"end":{"line":15,"column":30}},"6":{"start":{"line":16,"column":8},"end":{"line":16,"column":35}},"7":{"start":{"line":17,"column":8},"end":{"line":17,"column":23}},"8":{"start":{"line":23,"column":56},"end":{"line":30,"column":4}},"9":{"start":{"line":32,"column":21},"end":{"line":36,"column":3}},"10":{"start":{"line":33,"column":4},"end":{"line":33,"column":26}},"11":{"start":{"line":34,"column":4},"end":{"line":34,"column":31}},"12":{"start":{"line":35,"column":4},"end":{"line":35,"column":19}},"13":{"start":{"line":38,"column":25},"end":{"line":44,"column":3}},"14":{"start":{"line":39,"column":4},"end":{"line":39,"column":38}},"15":{"start":{"line":39,"column":21},"end":{"line":39,"column":38}},"16":{"start":{"line":40,"column":14},"end":{"line":40,"column":18}},"17":{"start":{"line":41,"column":18},"end":{"line":41,"column":45}},"18":{"start":{"line":42,"column":14},"end":{"line":42,"column":55}},"19":{"start":{"line":43,"column":4},"end":{"line":43,"column":76}},"20":{"start":{"line":46,"column":2},"end":{"line":97,"column":4}}},"fnMap":{"0":{"name":"(anonymous_0)","decl":{"start":{"line":7,"column":36},"end":{"line":7,"column":37}},"loc":{"start":{"line":7,"column":42},"end":{"line":98,"column":1}},"line":7},"1":{"name":"(anonymous_1)","decl":{"start":{"line":12,"column":4},"end":{"line":12,"column":5}},"loc":{"start":{"line":12,"column":31},"end":{"line":19,"column":5}},"line":12},"2":{"name":"(anonymous_2)","decl":{"start":{"line":32,"column":21},"end":{"line":32,"column":22}},"loc":{"start":{"line":32,"column":27},"end":{"line":36,"column":3}},"line":32},"3":{"name":"(anonymous_3)","decl":{"start":{"line":38,"column":25},"end":{"line":38,"column":26}},"loc":{"start":{"line":38,"column":44},"end":{"line":44,"column":3}},"line":38}},"branchMap":{"0":{"loc":{"start":{"line":14,"column":6},"end":{"line":18,"column":7}},"type":"if","locations":[{"start":{"line":14,"column":6},"end":{"line":18,"column":7}},{"start":{},"end":{}}],"line":14},"1":{"loc":{"start":{"line":39,"column":4},"end":{"line":39,"column":38}},"type":"if","locations":[{"start":{"line":39,"column":4},"end":{"line":39,"column":38}},{"start":{},"end":{}}],"line":39},"2":{"loc":{"start":{"line":50,"column":7},"end":{"line":95,"column":7}},"type":"cond-expr","locations":[{"start":{"line":51,"column":8},"end":{"line":67,"column":14}},{"start":{"line":69,"column":8},"end":{"line":94,"column":14}}],"line":50},"3":{"loc":{"start":{"line":53,"column":33},"end":{"line":53,"column":70}},"type":"cond-expr","locations":[{"start":{"line":53,"column":48},"end":{"line":53,"column":65}},{"start":{"line":53,"column":68},"end":{"line":53,"column":70}}],"line":53},"4":{"loc":{"start":{"line":59,"column":15},"end":{"line":61,"column":42}},"type":"cond-expr","locations":[{"start":{"line":60,"column":18},"end":{"line":60,"column":33}},{"start":{"line":61,"column":18},"end":{"line":61,"column":42}}],"line":59},"5":{"loc":{"start":{"line":85,"column":11},"end":{"line":93,"column":11}},"type":"binary-expr","locations":[{"start":{"line":85,"column":11},"end":{"line":85,"column":49}},{"start":{"line":86,"column":12},"end":{"line":92,"column":18}}],"line":85}},"s":{"0":2,"1":5,"2":5,"3":0,"4":0,"5":0,"6":0,"7":0,"8":5,"9":5,"10":0,"11":0,"12":0,"13":5,"14":0,"15":0,"16":0,"17":0,"18":0,"19":0,"20":5},"f":{"0":5,"1":0,"2":0,"3":0},"b":{"0":[0,0],"1":[0,0],"2":[5,0],"3":[0,5],"4":[0,5],"5":[0,0]},"_coverageSchema":"1a1c01bbd47fc00a2c39e90264f33305004495a9","hash":"ce5ac602adf70299e27ed7601ae946f6dc9201e8"}
,"/home/kkamji/Code/image-convertor/frontend/src/components/ImageConverter.tsx": {"path":"/home/kkamji/Code/image-convertor/frontend/src/components/ImageConverter.tsx","statementMap":{"0":{"start":{"line":10,"column":40},"end":{"line":93,"column":1}},"1":{"start":{"line":20,"column":6},"end":{"line":20,"column":21}},"2":{"start":{"line":22,"column":24},"end":{"line":54,"column":3}},"3":{"start":{"line":23,"column":4},"end":{"line":23,"column":30}},"4":{"start":{"line":23,"column":23},"end":{"line":23,"column":30}},"5":{"start":{"line":25,"column":4},"end":{"line":25,"column":19}},"6":{"start":{"line":26,"column":4},"end":{"line":30,"column":7}},"7":{"start":{"line":32,"column":4},"end":{"line":53,"column":5}},"8":{"start":{"line":33,"column":6},"end":{"line":33,"column":61}},"9":{"start":{"line":35,"column":21},"end":{"line":35,"column":72}},"10":{"start":{"line":37,"column":6},"end":{"line":37,"column":62}},"11":{"start":{"line":40,"column":18},"end":{"line":40,"column":45}},"12":{"start":{"line":41,"column":6},"end":{"line":41,"column":32}},"13":{"start":{"line":43,"column":6},"end":{"line":47,"column":9}},"14":{"start":{"line":49,"column":6},"end":{"line":51,"column":8}},"15":{"start":{"line":52,"column":6},"end":{"line":52,"column":69}},"16":{"start":{"line":56,"column":21},"end":{"line":56,"column":59}},"17":{"start":{"line":58,"column":2},"end":{"line":92,"column":4}}},"fnMap":{"0":{"name":"(anonymous_0)","decl":{"start":{"line":10,"column":40},"end":{"line":10,"column":41}},"loc":{"start":{"line":10,"column":46},"end":{"line":93,"column":1}},"line":10},"1":{"name":"(anonymous_1)","decl":{"start":{"line":22,"column":24},"end":{"line":22,"column":25}},"loc":{"start":{"line":22,"column":36},"end":{"line":54,"column":3}},"line":22}},"branchMap":{"0":{"loc":{"start":{"line":23,"column":4},"end":{"line":23,"column":30}},"type":"if","locations":[{"start":{"line":23,"column":4},"end":{"line":23,"column":30}},{"start":{},"end":{}}],"line":23},"1":{"loc":{"start":{"line":50,"column":8},"end":{"line":50,"column":63}},"type":"cond-expr","locations":[{"start":{"line":50,"column":31},"end":{"line":50,"column":42}},{"start":{"line":50,"column":45},"end":{"line":50,"column":63}}],"line":50},"2":{"loc":{"start":{"line":56,"column":21},"end":{"line":56,"column":59}},"type":"binary-expr","locations":[{"start":{"line":56,"column":21},"end":{"line":56,"column":33}},{"start":{"line":56,"column":37},"end":{"line":56,"column":59}}],"line":56},"3":{"loc":{"start":{"line":70,"column":7},"end":{"line":80,"column":7}},"type":"binary-expr","locations":[{"start":{"line":70,"column":7},"end":{"line":70,"column":19}},{"start":{"line":71,"column":8},"end":{"line":79,"column":14}}],"line":70},"4":{"loc":{"start":{"line":77,"column":13},"end":{"line":77,"column":57}},"type":"cond-expr","locations":[{"start":{"line":77,"column":37},"end":{"line":77,"column":46}},{"start":{"line":77,"column":49},"end":{"line":77,"column":57}}],"line":77},"5":{"loc":{"start":{"line":82,"column":7},"end":{"line":82,"column":54}},"type":"binary-expr","locations":[{"start":{"line":82,"column":7},"end":{"line":82,"column":28}},{"start":{"line":82,"column":32},"end":{"line":82,"column":54}}],"line":82},"6":{"loc":{"start":{"line":84,"column":7},"end":{"line":88,"column":7}},"type":"binary-expr","locations":[{"start":{"line":84,"column":7},"end":{"line":84,"column":12}},{"start":{"line":85,"column":8},"end":{"line":87,"column":14}}],"line":84},"7":{"loc":{"start":{"line":90,"column":7},"end":{"line":90,"column":48}},"type":"binary-expr","locations":[{"start":{"line":90,"column":7},"end":{"line":90,"column":24}},{"start":{"line":90,"column":28},"end":{"line":90,"column":48}}],"line":90}},"s":{"0":1,"1":3,"2":3,"3":0,"4":0,"5":0,"6":0,"7":0,"8":0,"9":0,"10":0,"11":0,"12":0,"13":0,"14":0,"15":0,"16":3,"17":3},"f":{"0":3,"1":0},"b":{"0":[0,0],"1":[0,0],"2":[3,0],"3":[3,0],"4":[0,0],"5":[3,0],"6":[3,0],"7":[3,0]},"_coverageSchema":"1a1c01bbd47fc00a2c39e90264f33305004495a9","hash":"0422691d646db4e0e3a4e7a13eb9cac9723380f0"}
,"/home/kkamji/Code/image-convertor/frontend/src/components/ThemeToggle.tsx": {"path":"/home/kkamji/Code/image-convertor/frontend/src/components/ThemeToggle.tsx","statementMap":{"0":{"start":{"line":6,"column":37},"end":{"line":18,"column":1}},"1":{"start":{"line":7,"column":33},"end":{"line":7,"column":48}},"2":{"start":{"line":9,"column":2},"end":{"line":17,"column":4}}},"fnMap":{"0":{"name":"(anonymous_0)","decl":{"start":{"line":6,"column":37},"end":{"line":6,"column":38}},"loc":{"start":{"line":6,"column":43},"end":{"line":18,"column":1}},"line":6}},"branchMap":{"0":{"loc":{"start":{"line":13,"column":31},"end":{"line":13,"column":67}},"type":"cond-expr","locations":[{"start":{"line":13,"column":51},"end":{"line":13,"column":57}},{"start":{"line":13,"column":60},"end":{"line":13,"column":67}}],"line":13},"1":{"loc":{"start":{"line":15,"column":7},"end":{"line":15,"column":65}},"type":"cond-expr","locations":[{"start":{"line":15,"column":27},"end":{"line":15,"column":45}},{"start":{"line":15,"column":48},"end":{"line":15,"column":65}}],"line":15}},"s":{"0":1,"1":3,"2":3},"f":{"0":3},"b":{"0":[3,0],"1":[3,0]},"_coverageSchema":"1a1c01bbd47fc00a2c39e90264f33305004495a9","hash":"9fcbda1c98430281a4cd6061e4fc358af3213901"}
,"/home/kkamji/Code/image-convertor/frontend/src/services/imageService.ts": {"path":"/home/kkamji/Code/image-convertor/frontend/src/services/imageService.ts","statementMap":{"0":{"start":{"line":4,"column":21},"end":{"line":4,"column":77}},"1":{"start":{"line":6,"column":18},"end":{"line":9,"column":2}},"2":{"start":{"line":11,"column":28},"end":{"line":59,"column":1}},"3":{"start":{"line":15,"column":19},"end":{"line":15,"column":33}},"4":{"start":{"line":16,"column":2},"end":{"line":16,"column":32}},"5":{"start":{"line":17,"column":2},"end":{"line":17,"column":57}},"6":{"start":{"line":19,"column":2},"end":{"line":21,"column":3}},"7":{"start":{"line":20,"column":4},"end":{"line":20,"column":62}},"8":{"start":{"line":23,"column":2},"end":{"line":25,"column":3}},"9":{"start":{"line":24,"column":4},"end":{"line":24,"column":64}},"10":{"start":{"line":27,"column":2},"end":{"line":29,"column":3}},"11":{"start":{"line":28,"column":4},"end":{"line":28,"column":65}},"12":{"start":{"line":31,"column":2},"end":{"line":33,"column":3}},"13":{"start":{"line":32,"column":4},"end":{"line":32,"column":59}},"14":{"start":{"line":35,"column":2},"end":{"line":58,"column":3}},"15":{"start":{"line":36,"column":21},"end":{"line":41,"column":6}},"16":{"start":{"line":43,"column":4},"end":{"line":43,"column":25}},"17":{"start":{"line":45,"column":4},"end":{"line":55,"column":5}},"18":{"start":{"line":46,"column":6},"end":{"line":54,"column":7}},"19":{"start":{"line":47,"column":8},"end":{"line":47,"column":42}},"20":{"start":{"line":48,"column":13},"end":{"line":54,"column":7}},"21":{"start":{"line":49,"column":8},"end":{"line":49,"column":53}},"22":{"start":{"line":50,"column":13},"end":{"line":54,"column":7}},"23":{"start":{"line":51,"column":8},"end":{"line":53,"column":10}},"24":{"start":{"line":57,"column":4},"end":{"line":57,"column":44}},"25":{"start":{"line":61,"column":35},"end":{"line":72,"column":1}},"26":{"start":{"line":62,"column":2},"end":{"line":71,"column":3}},"27":{"start":{"line":63,"column":21},"end":{"line":63,"column":59}},"28":{"start":{"line":64,"column":4},"end":{"line":64,"column":25}},"29":{"start":{"line":66,"column":4},"end":{"line":66,"column":63}},"30":{"start":{"line":67,"column":4},"end":{"line":70,"column":6}}},"fnMap":{"0":{"name":"(anonymous_0)","decl":{"start":{"line":11,"column":28},"end":{"line":11,"column":29}},"loc":{"start":{"line":14,"column":20},"end":{"line":59,"column":1}},"line":14},"1":{"name":"(anonymous_1)","decl":{"start":{"line":61,"column":35},"end":{"line":61,"column":36}},"loc":{"start":{"line":61,"column":47},"end":{"line":72,"column":1}},"line":61}},"branchMap":{"0":{"loc":{"start":{"line":4,"column":21},"end":{"line":4,"column":77}},"type":"binary-expr","locations":[{"start":{"line":4,"column":21},"end":{"line":4,"column":50}},{"start":{"line":4,"column":54},"end":{"line":4,"column":77}}],"line":4},"1":{"loc":{"start":{"line":19,"column":2},"end":{"line":21,"column":3}},"type":"if","locations":[{"start":{"line":19,"column":2},"end":{"line":21,"column":3}},{"start":{},"end":{}}],"line":19},"2":{"loc":{"start":{"line":23,"column":2},"end":{"line":25,"column":3}},"type":"if","locations":[{"start":{"line":23,"column":2},"end":{"line":25,"column":3}},{"start":{},"end":{}}],"line":23},"3":{"loc":{"start":{"line":27,"column":2},"end":{"line":29,"column":3}},"type":"if","locations":[{"start":{"line":27,"column":2},"end":{"line":29,"column":3}},{"start":{},"end":{}}],"line":27},"4":{"loc":{"start":{"line":31,"column":2},"end":{"line":33,"column":3}},"type":"if","locations":[{"start":{"line":31,"column":2},"end":{"line":33,"column":3}},{"start":{},"end":{}}],"line":31},"5":{"loc":{"start":{"line":45,"column":4},"end":{"line":55,"column":5}},"type":"if","locations":[{"start":{"line":45,"column":4},"end":{"line":55,"column":5}},{"start":{},"end":{}}],"line":45},"6":{"loc":{"start":{"line":46,"column":6},"end":{"line":54,"column":7}},"type":"if","locations":[{"start":{"line":46,"column":6},"end":{"line":54,"column":7}},{"start":{"line":48,"column":13},"end":{"line":54,"column":7}}],"line":46},"7":{"loc":{"start":{"line":48,"column":13},"end":{"line":54,"column":7}},"type":"if","locations":[{"start":{"line":48,"column":13},"end":{"line":54,"column":7}},{"start":{"line":50,"column":13},"end":{"line":54,"column":7}}],"line":48},"8":{"loc":{"start":{"line":50,"column":13},"end":{"line":54,"column":7}},"type":"if","locations":[{"start":{"line":50,"column":13},"end":{"line":54,"column":7}},{"start":{},"end":{}}],"line":50}},"s":{"0":1,"1":1,"2":1,"3":0,"4":0,"5":0,"6":0,"7":0,"8":0,"9":0,"10":0,"11":0,"12":0,"13":0,"14":0,"15":0,"16":0,"17":0,"18":0,"19":0,"20":0,"21":0,"22":0,"23":0,"24":0,"25":1,"26":0,"27":0,"28":0,"29":0,"30":0},"f":{"0":0,"1":0},"b":{"0":[1,1],"1":[0,0],"2":[0,0],"3":[0,0],"4":[0,0],"5":[0,0],"6":[0,0],"7":[0,0],"8":[0,0]},"_coverageSchema":"1a1c01bbd47fc00a2c39e90264f33305004495a9","hash":"d0a42f92f4f3fcee1c72de989661464db8d6bbe4"}
,"/home/kkamji/Code/image-convertor/frontend/src/stores/imageStore.ts": {"path":"/home/kkamji/Code/image-convertor/frontend/src/stores/imageStore.ts","statementMap":{"0":{"start":{"line":32,"column":21},"end":{"line":45,"column":1}},"1":{"start":{"line":47,"column":29},"end":{"line":67,"column":3}},"2":{"start":{"line":47,"column":58},"end":{"line":67,"column":1}},"3":{"start":{"line":50,"column":29},"end":{"line":50,"column":56}},"4":{"start":{"line":53,"column":4},"end":{"line":55,"column":7}},"5":{"start":{"line":53,"column":20},"end":{"line":55,"column":5}},"6":{"start":{"line":58,"column":4},"end":{"line":60,"column":7}},"7":{"start":{"line":58,"column":20},"end":{"line":60,"column":5}},"8":{"start":{"line":62,"column":33},"end":{"line":62,"column":64}},"9":{"start":{"line":64,"column":23},"end":{"line":64,"column":37}},"10":{"start":{"line":66,"column":15},"end":{"line":66,"column":32}}},"fnMap":{"0":{"name":"(anonymous_0)","decl":{"start":{"line":47,"column":48},"end":{"line":47,"column":49}},"loc":{"start":{"line":47,"column":58},"end":{"line":67,"column":1}},"line":47},"1":{"name":"(anonymous_1)","decl":{"start":{"line":50,"column":19},"end":{"line":50,"column":20}},"loc":{"start":{"line":50,"column":29},"end":{"line":50,"column":56}},"line":50},"2":{"name":"(anonymous_2)","decl":{"start":{"line":52,"column":24},"end":{"line":52,"column":25}},"loc":{"start":{"line":53,"column":4},"end":{"line":55,"column":7}},"line":53},"3":{"name":"(anonymous_3)","decl":{"start":{"line":53,"column":8},"end":{"line":53,"column":9}},"loc":{"start":{"line":53,"column":20},"end":{"line":55,"column":5}},"line":53},"4":{"name":"(anonymous_4)","decl":{"start":{"line":57,"column":15},"end":{"line":57,"column":16}},"loc":{"start":{"line":58,"column":4},"end":{"line":60,"column":7}},"line":58},"5":{"name":"(anonymous_5)","decl":{"start":{"line":58,"column":8},"end":{"line":58,"column":9}},"loc":{"start":{"line":58,"column":20},"end":{"line":60,"column":5}},"line":58},"6":{"name":"(anonymous_6)","decl":{"start":{"line":62,"column":24},"end":{"line":62,"column":25}},"loc":{"start":{"line":62,"column":33},"end":{"line":62,"column":64}},"line":62},"7":{"name":"(anonymous_7)","decl":{"start":{"line":64,"column":12},"end":{"line":64,"column":13}},"loc":{"start":{"line":64,"column":23},"end":{"line":64,"column":37}},"line":64},"8":{"name":"(anonymous_8)","decl":{"start":{"line":66,"column":9},"end":{"line":66,"column":10}},"loc":{"start":{"line":66,"column":15},"end":{"line":66,"column":32}},"line":66}},"branchMap":{},"s":{"0":1,"1":1,"2":1,"3":0,"4":0,"5":0,"6":0,"7":0,"8":0,"9":0,"10":0},"f":{"0":1,"1":0,"2":0,"3":0,"4":0,"5":0,"6":0,"7":0,"8":0},"b":{},"_coverageSchema":"1a1c01bbd47fc00a2c39e90264f33305004495a9","hash":"05f75ff56297c7ab67fc83cf9140442f52bd014d"}
,"/home/kkamji/Code/image-convertor/frontend/src/stores/themeStore.ts": {"path":"/home/kkamji/Code/image-convertor/frontend/src/stores/themeStore.ts","statementMap":{"0":{"start":{"line":11,"column":29},"end":{"line":24,"column":1}},"1":{"start":{"line":13,"column":14},"end":{"line":19,"column":5}},"2":{"start":{"line":16,"column":8},"end":{"line":18,"column":11}},"3":{"start":{"line":16,"column":24},"end":{"line":18,"column":9}}},"fnMap":{"0":{"name":"(anonymous_0)","decl":{"start":{"line":13,"column":4},"end":{"line":13,"column":5}},"loc":{"start":{"line":13,"column":14},"end":{"line":19,"column":5}},"line":13},"1":{"name":"(anonymous_1)","decl":{"start":{"line":15,"column":19},"end":{"line":15,"column":20}},"loc":{"start":{"line":16,"column":8},"end":{"line":18,"column":11}},"line":16},"2":{"name":"(anonymous_2)","decl":{"start":{"line":16,"column":12},"end":{"line":16,"column":13}},"loc":{"start":{"line":16,"column":24},"end":{"line":18,"column":9}},"line":16}},"branchMap":{"0":{"loc":{"start":{"line":17,"column":17},"end":{"line":17,"column":59}},"type":"cond-expr","locations":[{"start":{"line":17,"column":43},"end":{"line":17,"column":49}},{"start":{"line":17,"column":52},"end":{"line":17,"column":59}}],"line":17}},"s":{"0":1,"1":1,"2":0,"3":0},"f":{"0":1,"1":0,"2":0},"b":{"0":[0,0]},"_coverageSchema":"1a1c01bbd47fc00a2c39e90264f33305004495a9","hash":"3c6ff27dbaf97f3d8e874ae74801cc2db5e86dcf"}
}
