TN:
SF:src/App.tsx
FN:7,App
FN:10,(anonymous_1)
FNF:2
FNH:2
FNDA:3,App
FNDA:3,(anonymous_1)
DA:8,3
DA:10,3
DA:11,3
DA:14,3
LF:4
LH:4
BRF:0
BRH:0
end_of_record
TN:
SF:src/components/ConversionOptions.tsx
FN:5,(anonymous_0)
FN:8,(anonymous_1)
FN:12,(anonymous_2)
FN:16,(anonymous_3)
FN:21,(anonymous_4)
FN:33,(anonymous_5)
FN:39,(anonymous_6)
FN:57,(anonymous_7)
FN:77,(anonymous_8)
FN:88,(anonymous_9)
FN:105,(anonymous_10)
FNF:11
FNH:2
FNDA:3,(anonymous_0)
FNDA:0,(anonymous_1)
FNDA:0,(anonymous_2)
FNDA:0,(anonymous_3)
FNDA:0,(anonymous_4)
FNDA:12,(anonymous_5)
FNDA:0,(anonymous_6)
FNDA:0,(anonymous_7)
FNDA:0,(anonymous_8)
FNDA:0,(anonymous_9)
FNDA:0,(anonymous_10)
DA:5,1
DA:6,3
DA:8,3
DA:9,0
DA:12,3
DA:13,0
DA:16,3
DA:17,0
DA:18,0
DA:21,3
DA:22,0
DA:23,0
DA:26,3
DA:34,12
DA:39,0
DA:57,0
DA:77,0
DA:88,0
DA:105,0
LF:19
LH:8
BRDA:17,0,0,0
BRDA:17,0,1,0
BRDA:22,1,0,0
BRDA:22,1,1,0
BRDA:37,2,0,3
BRDA:37,2,1,9
BRDA:47,3,0,3
BRDA:47,3,1,3
BRDA:56,4,0,3
BRDA:56,4,1,0
BRDA:76,5,0,3
BRDA:76,5,1,3
BRDA:87,6,0,3
BRDA:87,6,1,3
BRDA:104,7,0,3
BRDA:104,7,1,3
BRF:16
BRH:11
end_of_record
TN:
SF:src/components/ConversionProgress.tsx
FN:5,(anonymous_0)
FNF:1
FNH:0
FNDA:0,(anonymous_0)
DA:5,1
DA:6,0
DA:8,0
LF:3
LH:1
BRDA:22,0,0,0
BRDA:22,0,1,0
BRF:2
BRH:0
end_of_record
TN:
SF:src/components/ConversionResult.tsx
FN:6,(anonymous_0)
FN:10,(anonymous_1)
FN:25,(anonymous_2)
FNF:3
FNH:0
FNDA:0,(anonymous_0)
FNDA:0,(anonymous_1)
FNDA:0,(anonymous_2)
DA:6,1
DA:8,0
DA:10,0
DA:11,0
DA:13,0
DA:14,0
DA:16,0
DA:17,0
DA:18,0
DA:20,0
DA:21,0
DA:22,0
DA:25,0
DA:26,0
DA:27,0
DA:29,0
DA:32,0
DA:34,0
LF:18
LH:1
BRDA:11,0,0,0
BRDA:11,0,1,0
BRDA:11,1,0,0
BRDA:11,1,1,0
BRDA:26,2,0,0
BRDA:26,2,1,0
BRDA:32,3,0,0
BRDA:32,3,1,0
BRDA:61,4,0,0
BRDA:61,4,1,0
BRDA:67,5,0,0
BRDA:67,5,1,0
BRDA:67,5,2,0
BRDA:71,6,0,0
BRDA:71,6,1,0
BRDA:72,7,0,0
BRDA:72,7,1,0
BRDA:72,7,2,0
BRDA:75,8,0,0
BRDA:75,8,1,0
BRDA:80,9,0,0
BRDA:80,9,1,0
BRF:22
BRH:0
end_of_record
TN:
SF:src/components/FileUpload.tsx
FN:7,(anonymous_0)
FN:12,(anonymous_1)
FN:32,(anonymous_2)
FN:38,(anonymous_3)
FNF:4
FNH:1
FNDA:5,(anonymous_0)
FNDA:0,(anonymous_1)
FNDA:0,(anonymous_2)
FNDA:0,(anonymous_3)
DA:7,2
DA:9,5
DA:11,5
DA:13,0
DA:14,0
DA:15,0
DA:16,0
DA:17,0
DA:23,5
DA:32,5
DA:33,0
DA:34,0
DA:35,0
DA:38,5
DA:39,0
DA:40,0
DA:41,0
DA:42,0
DA:43,0
DA:46,5
LF:20
LH:7
BRDA:14,0,0,0
BRDA:14,0,1,0
BRDA:39,1,0,0
BRDA:39,1,1,0
BRDA:50,2,0,5
BRDA:50,2,1,0
BRDA:53,3,0,0
BRDA:53,3,1,5
BRDA:59,4,0,0
BRDA:59,4,1,5
BRDA:85,5,0,0
BRDA:85,5,1,0
BRF:12
BRH:3
end_of_record
TN:
SF:src/components/ImageConverter.tsx
FN:10,(anonymous_0)
FN:22,(anonymous_1)
FNF:2
FNH:1
FNDA:3,(anonymous_0)
FNDA:0,(anonymous_1)
DA:10,1
DA:20,3
DA:22,3
DA:23,0
DA:25,0
DA:26,0
DA:32,0
DA:33,0
DA:35,0
DA:37,0
DA:40,0
DA:41,0
DA:43,0
DA:49,0
DA:52,0
DA:56,3
DA:58,3
LF:17
LH:5
BRDA:23,0,0,0
BRDA:23,0,1,0
BRDA:50,1,0,0
BRDA:50,1,1,0
BRDA:56,2,0,3
BRDA:56,2,1,0
BRDA:70,3,0,3
BRDA:70,3,1,0
BRDA:77,4,0,0
BRDA:77,4,1,0
BRDA:82,5,0,3
BRDA:82,5,1,0
BRDA:84,6,0,3
BRDA:84,6,1,0
BRDA:90,7,0,3
BRDA:90,7,1,0
BRF:16
BRH:5
end_of_record
TN:
SF:src/components/ThemeToggle.tsx
FN:6,(anonymous_0)
FNF:1
FNH:1
FNDA:3,(anonymous_0)
DA:6,1
DA:7,3
DA:9,3
LF:3
LH:3
BRDA:13,0,0,3
BRDA:13,0,1,0
BRDA:15,1,0,3
BRDA:15,1,1,0
BRF:4
BRH:2
end_of_record
TN:
SF:src/services/imageService.ts
FN:11,(anonymous_0)
FN:61,(anonymous_1)
FNF:2
FNH:0
FNDA:0,(anonymous_0)
FNDA:0,(anonymous_1)
DA:4,1
DA:6,1
DA:11,1
DA:15,0
DA:16,0
DA:17,0
DA:19,0
DA:20,0
DA:23,0
DA:24,0
DA:27,0
DA:28,0
DA:31,0
DA:32,0
DA:35,0
DA:36,0
DA:43,0
DA:45,0
DA:46,0
DA:47,0
DA:48,0
DA:49,0
DA:50,0
DA:51,0
DA:57,0
DA:61,1
DA:62,0
DA:63,0
DA:64,0
DA:66,0
DA:67,0
LF:31
LH:4
BRDA:4,0,0,1
BRDA:4,0,1,1
BRDA:19,1,0,0
BRDA:19,1,1,0
BRDA:23,2,0,0
BRDA:23,2,1,0
BRDA:27,3,0,0
BRDA:27,3,1,0
BRDA:31,4,0,0
BRDA:31,4,1,0
BRDA:45,5,0,0
BRDA:45,5,1,0
BRDA:46,6,0,0
BRDA:46,6,1,0
BRDA:48,7,0,0
BRDA:48,7,1,0
BRDA:50,8,0,0
BRDA:50,8,1,0
BRF:18
BRH:2
end_of_record
TN:
SF:src/stores/imageStore.ts
FN:47,(anonymous_0)
FN:50,(anonymous_1)
FN:52,(anonymous_2)
FN:53,(anonymous_3)
FN:57,(anonymous_4)
FN:58,(anonymous_5)
FN:62,(anonymous_6)
FN:64,(anonymous_7)
FN:66,(anonymous_8)
FNF:9
FNH:1
FNDA:1,(anonymous_0)
FNDA:0,(anonymous_1)
FNDA:0,(anonymous_2)
FNDA:0,(anonymous_3)
FNDA:0,(anonymous_4)
FNDA:0,(anonymous_5)
FNDA:0,(anonymous_6)
FNDA:0,(anonymous_7)
FNDA:0,(anonymous_8)
DA:32,1
DA:47,1
DA:50,0
DA:53,0
DA:58,0
DA:62,0
DA:64,0
DA:66,0
LF:8
LH:2
BRF:0
BRH:0
end_of_record
TN:
SF:src/stores/themeStore.ts
FN:13,(anonymous_0)
FN:15,(anonymous_1)
FN:16,(anonymous_2)
FNF:3
FNH:1
FNDA:1,(anonymous_0)
FNDA:0,(anonymous_1)
FNDA:0,(anonymous_2)
DA:11,1
DA:13,1
DA:16,0
LF:3
LH:2
BRDA:17,0,0,0
BRDA:17,0,1,0
BRF:2
BRH:0
end_of_record
